2012/05/26 15:34:53 [error] [exception.CException] exception 'CException' with message 'CMemCache and its behaviors do not have a method or closure named "getValue".' in /Users/sondh/bin/yii-1.1.10.r3566/framework/base/CComponent.php:266
Stack trace:
#0 /Users/sondh/Working/KLTN/Phase2-Front-end/protected/controllers/SiteController.php(34): CComponent->__call('getValue', Array)
#1 /Users/sondh/Working/KLTN/Phase2-Front-end/protected/controllers/SiteController.php(34): CMemCache->getValue('test')
#2 /Users/sondh/bin/yii-1.1.10.r3566/framework/web/actions/CInlineAction.php(50): SiteController->actionIndex()
#3 /Users/sondh/bin/yii-1.1.10.r3566/framework/web/CController.php(309): CInlineAction->runWithParams(Array)
#4 /Users/sondh/bin/yii-1.1.10.r3566/framework/web/CController.php(287): CController->runAction(Object(CInlineAction))
#5 /Users/sondh/bin/yii-1.1.10.r3566/framework/web/CController.php(266): CController->runActionWithFilters(Object(CInlineAction), Array)
#6 /Users/sondh/bin/yii-1.1.10.r3566/framework/web/CWebApplication.php(276): CController->run('')
#7 /Users/sondh/bin/yii-1.1.10.r3566/framework/web/CWebApplication.php(135): CWebApplication->runController('')
#8 /Users/sondh/bin/yii-1.1.10.r3566/framework/base/CApplication.php(162): CWebApplication->processRequest()
#9 /Users/sondh/Working/KLTN/Phase2-Front-end/index.php(13): CApplication->run()
#10 {main}
REQUEST_URI=/index.php
HTTP_REFERER=http://news.koluto.com/index.php?r=gii/controller
---
2012/05/26 15:46:19 [error] [exception.CHttpException.404] exception 'CHttpException' with message 'Unable to resolve the request "home/index".' in /Users/sondh/bin/yii-1.1.10.r3566/framework/web/CWebApplication.php:280
Stack trace:
#0 /Users/sondh/bin/yii-1.1.10.r3566/framework/web/CWebApplication.php(135): CWebApplication->runController('home/index')
#1 /Users/sondh/bin/yii-1.1.10.r3566/framework/base/CApplication.php(162): CWebApplication->processRequest()
#2 /Users/sondh/Working/KLTN/Phase2-Front-end/index.php(13): CApplication->run()
#3 {main}
REQUEST_URI=/index.php
HTTP_REFERER=http://news.koluto.com/index.php?r=gii/controller
---
2012/05/26 15:51:24 [error] [system.db.CDbCommand] CDbCommand::fetchAll() failed: SQLSTATE[42S02]: Base table or view not found: 1146 Table 'koluto_frontend.{{article}}' doesn't exist. The SQL statement executed was: SHOW COLUMNS FROM `{{article}}`.
in /Users/sondh/Working/KLTN/Phase2-Front-end/protected/models/Article.php (7)
in /Users/sondh/Working/KLTN/Phase2-Front-end/protected/controllers/HomeController.php (7)
in /Users/sondh/Working/KLTN/Phase2-Front-end/index.php (13)
2012/05/26 15:51:24 [error] [exception.CDbException] exception 'CDbException' with message 'The table "{{article}}" for active record class "Article" cannot be found in the database.' in /Users/sondh/bin/yii-1.1.10.r3566/framework/db/ar/CActiveRecord.php:2264
Stack trace:
#0 /Users/sondh/bin/yii-1.1.10.r3566/framework/db/ar/CActiveRecord.php(379): CActiveRecordMetaData->__construct(Object(Article))
#1 /Users/sondh/Working/KLTN/Phase2-Front-end/protected/models/Article.php(7): CActiveRecord::model('Article')
#2 /Users/sondh/Working/KLTN/Phase2-Front-end/protected/controllers/HomeController.php(7): Article::model()
#3 /Users/sondh/bin/yii-1.1.10.r3566/framework/web/actions/CInlineAction.php(50): HomeController->actionIndex()
#4 /Users/sondh/bin/yii-1.1.10.r3566/framework/web/CController.php(309): CInlineAction->runWithParams(Array)
#5 /Users/sondh/bin/yii-1.1.10.r3566/framework/web/CController.php(287): CController->runAction(Object(CInlineAction))
#6 /Users/sondh/bin/yii-1.1.10.r3566/framework/web/CController.php(266): CController->runActionWithFilters(Object(CInlineAction), Array)
#7 /Users/sondh/bin/yii-1.1.10.r3566/framework/web/CWebApplication.php(276): CController->run('index')
#8 /Users/sondh/bin/yii-1.1.10.r3566/framework/web/CWebApplication.php(135): CWebApplication->runController('home/index')
#9 /Users/sondh/bin/yii-1.1.10.r3566/framework/base/CApplication.php(162): CWebApplication->processRequest()
#10 /Users/sondh/Working/KLTN/Phase2-Front-end/index.php(13): CApplication->run()
#11 {main}
REQUEST_URI=/index.php
HTTP_REFERER=http://news.koluto.com/index.php?r=gii/controller
---
2012/05/26 15:53:28 [error] [system.db.CDbCommand] CDbCommand::fetchAll() failed: SQLSTATE[42S02]: Base table or view not found: 1146 Table 'koluto_frontend.{{article}}' doesn't exist. The SQL statement executed was: SHOW COLUMNS FROM `{{article}}`.
in /Users/sondh/Working/KLTN/Phase2-Front-end/protected/models/Article.php (7)
in /Users/sondh/Working/KLTN/Phase2-Front-end/protected/controllers/HomeController.php (7)
in /Users/sondh/Working/KLTN/Phase2-Front-end/index.php (13)
2012/05/26 15:53:28 [error] [exception.CDbException] exception 'CDbException' with message 'The table "{{article}}" for active record class "Article" cannot be found in the database.' in /Users/sondh/bin/yii-1.1.10.r3566/framework/db/ar/CActiveRecord.php:2264
Stack trace:
#0 /Users/sondh/bin/yii-1.1.10.r3566/framework/db/ar/CActiveRecord.php(379): CActiveRecordMetaData->__construct(Object(Article))
#1 /Users/sondh/Working/KLTN/Phase2-Front-end/protected/models/Article.php(7): CActiveRecord::model('Article')
#2 /Users/sondh/Working/KLTN/Phase2-Front-end/protected/controllers/HomeController.php(7): Article::model()
#3 /Users/sondh/bin/yii-1.1.10.r3566/framework/web/actions/CInlineAction.php(50): HomeController->actionIndex()
#4 /Users/sondh/bin/yii-1.1.10.r3566/framework/web/CController.php(309): CInlineAction->runWithParams(Array)
#5 /Users/sondh/bin/yii-1.1.10.r3566/framework/web/CController.php(287): CController->runAction(Object(CInlineAction))
#6 /Users/sondh/bin/yii-1.1.10.r3566/framework/web/CController.php(266): CController->runActionWithFilters(Object(CInlineAction), Array)
#7 /Users/sondh/bin/yii-1.1.10.r3566/framework/web/CWebApplication.php(276): CController->run('index')
#8 /Users/sondh/bin/yii-1.1.10.r3566/framework/web/CWebApplication.php(135): CWebApplication->runController('home/index')
#9 /Users/sondh/bin/yii-1.1.10.r3566/framework/base/CApplication.php(162): CWebApplication->processRequest()
#10 /Users/sondh/Working/KLTN/Phase2-Front-end/index.php(13): CApplication->run()
#11 {main}
REQUEST_URI=/index.php
HTTP_REFERER=http://news.koluto.com/index.php?r=gii/controller
---
2012/05/26 15:53:31 [error] [system.db.CDbCommand] CDbCommand::fetchAll() failed: SQLSTATE[42S02]: Base table or view not found: 1146 Table 'koluto_frontend.{{article}}' doesn't exist. The SQL statement executed was: SHOW COLUMNS FROM `{{article}}`.
in /Users/sondh/Working/KLTN/Phase2-Front-end/protected/models/Article.php (7)
in /Users/sondh/Working/KLTN/Phase2-Front-end/protected/controllers/HomeController.php (7)
in /Users/sondh/Working/KLTN/Phase2-Front-end/index.php (13)
2012/05/26 15:53:31 [error] [exception.CDbException] exception 'CDbException' with message 'The table "{{article}}" for active record class "Article" cannot be found in the database.' in /Users/sondh/bin/yii-1.1.10.r3566/framework/db/ar/CActiveRecord.php:2264
Stack trace:
#0 /Users/sondh/bin/yii-1.1.10.r3566/framework/db/ar/CActiveRecord.php(379): CActiveRecordMetaData->__construct(Object(Article))
#1 /Users/sondh/Working/KLTN/Phase2-Front-end/protected/models/Article.php(7): CActiveRecord::model('Article')
#2 /Users/sondh/Working/KLTN/Phase2-Front-end/protected/controllers/HomeController.php(7): Article::model()
#3 /Users/sondh/bin/yii-1.1.10.r3566/framework/web/actions/CInlineAction.php(50): HomeController->actionIndex()
#4 /Users/sondh/bin/yii-1.1.10.r3566/framework/web/CController.php(309): CInlineAction->runWithParams(Array)
#5 /Users/sondh/bin/yii-1.1.10.r3566/framework/web/CController.php(287): CController->runAction(Object(CInlineAction))
#6 /Users/sondh/bin/yii-1.1.10.r3566/framework/web/CController.php(266): CController->runActionWithFilters(Object(CInlineAction), Array)
#7 /Users/sondh/bin/yii-1.1.10.r3566/framework/web/CWebApplication.php(276): CController->run('index')
#8 /Users/sondh/bin/yii-1.1.10.r3566/framework/web/CWebApplication.php(135): CWebApplication->runController('home/index')
#9 /Users/sondh/bin/yii-1.1.10.r3566/framework/base/CApplication.php(162): CWebApplication->processRequest()
#10 /Users/sondh/Working/KLTN/Phase2-Front-end/index.php(13): CApplication->run()
#11 {main}
REQUEST_URI=/index.php
HTTP_REFERER=http://news.koluto.com/index.php?r=gii/controller
---
2012/05/27 06:46:51 [error] [exception.CHttpException.404] exception 'CHttpException' with message 'The system is unable to find the requested action "sacombank".' in /Users/sondh/bin/yii-1.1.10.r3566/framework/web/CController.php:484
Stack trace:
#0 /Users/sondh/bin/yii-1.1.10.r3566/framework/web/CController.php(271): CController->missingAction('sacombank')
#1 /Users/sondh/bin/yii-1.1.10.r3566/framework/web/CWebApplication.php(276): CController->run('sacombank')
#2 /Users/sondh/bin/yii-1.1.10.r3566/framework/web/CWebApplication.php(135): CWebApplication->runController('word/sacombank')
#3 /Users/sondh/bin/yii-1.1.10.r3566/framework/base/CApplication.php(162): CWebApplication->processRequest()
#4 /Users/sondh/Working/KLTN/Phase2-Front-end/index.php(13): CApplication->run()
#5 {main}
REQUEST_URI=/index.php?r=word/sacombank
---
2012/05/27 06:47:24 [error] [exception.CHttpException.400] exception 'CHttpException' with message 'Your request is invalid.' in /Users/sondh/bin/yii-1.1.10.r3566/framework/web/CController.php:337
Stack trace:
#0 /Users/sondh/bin/yii-1.1.10.r3566/framework/web/CController.php(310): CController->invalidActionParams(Object(CInlineAction))
#1 /Users/sondh/bin/yii-1.1.10.r3566/framework/web/CController.php(287): CController->runAction(Object(CInlineAction))
#2 /Users/sondh/bin/yii-1.1.10.r3566/framework/web/CController.php(266): CController->runActionWithFilters(Object(CInlineAction), Array)
#3 /Users/sondh/bin/yii-1.1.10.r3566/framework/web/CWebApplication.php(276): CController->run('view')
#4 /Users/sondh/bin/yii-1.1.10.r3566/framework/web/CWebApplication.php(135): CWebApplication->runController('word/view')
#5 /Users/sondh/bin/yii-1.1.10.r3566/framework/base/CApplication.php(162): CWebApplication->processRequest()
#6 /Users/sondh/Working/KLTN/Phase2-Front-end/index.php(13): CApplication->run()
#7 {main}
REQUEST_URI=/index.php?r=word/view
---
2012/05/27 06:47:28 [error] [exception.CHttpException.404] exception 'CHttpException' with message 'The system is unable to find the requested action "sacombank".' in /Users/sondh/bin/yii-1.1.10.r3566/framework/web/CController.php:484
Stack trace:
#0 /Users/sondh/bin/yii-1.1.10.r3566/framework/web/CController.php(271): CController->missingAction('sacombank')
#1 /Users/sondh/bin/yii-1.1.10.r3566/framework/web/CWebApplication.php(276): CController->run('sacombank')
#2 /Users/sondh/bin/yii-1.1.10.r3566/framework/web/CWebApplication.php(135): CWebApplication->runController('word/sacombank')
#3 /Users/sondh/bin/yii-1.1.10.r3566/framework/base/CApplication.php(162): CWebApplication->processRequest()
#4 /Users/sondh/Working/KLTN/Phase2-Front-end/index.php(13): CApplication->run()
#5 {main}
REQUEST_URI=/index.php?r=word/sacombank
---
2012/05/27 22:28:36 [error] [exception.CHttpException.404] exception 'CHttpException' with message 'The system is unable to find the requested action "sacombank".' in /Users/sondh/bin/yii-1.1.10.r3566/framework/web/CController.php:484
Stack trace:
#0 /Users/sondh/bin/yii-1.1.10.r3566/framework/web/CController.php(271): CController->missingAction('sacombank')
#1 /Users/sondh/bin/yii-1.1.10.r3566/framework/web/CWebApplication.php(276): CController->run('sacombank')
#2 /Users/sondh/bin/yii-1.1.10.r3566/framework/web/CWebApplication.php(135): CWebApplication->runController('word/sacombank')
#3 /Users/sondh/bin/yii-1.1.10.r3566/framework/base/CApplication.php(162): CWebApplication->processRequest()
#4 /Users/sondh/Working/KLTN/Phase2-Front-end/index.php(13): CApplication->run()
#5 {main}
REQUEST_URI=/index.php?r=word/sacombank
---
2012/05/27 23:16:07 [error] [system.db.CDbCommand] CDbCommand::fetch() failed: SQLSTATE[42000]: Syntax error or access violation: 1064 You have an error in your SQL syntax; check the manual that corresponds to your MySQL server version for the right syntax to use near '{article}} ORDER BY date_timestamp DESC LIMIT 1' at line 1. The SQL statement executed was: SELECT * FROM {{article}} ORDER BY date_timestamp DESC LIMIT 1.
in /Users/sondh/Working/KLTN/Phase2-Front-end/protected/controllers/HomeController.php (24)
in /Users/sondh/Working/KLTN/Phase2-Front-end/protected/controllers/HomeController.php (7)
in /Users/sondh/Working/KLTN/Phase2-Front-end/index.php (13)
2012/05/27 23:16:07 [error] [exception.CDbException] exception 'CDbException' with message 'CDbCommand failed to execute the SQL statement: SQLSTATE[42000]: Syntax error or access violation: 1064 You have an error in your SQL syntax; check the manual that corresponds to your MySQL server version for the right syntax to use near '{article}} ORDER BY date_timestamp DESC LIMIT 1' at line 1. The SQL statement executed was: SELECT * FROM {{article}} ORDER BY date_timestamp DESC LIMIT 1' in /Users/sondh/Working/KLTN/Phase2-Front-end/framework/db/CDbCommand.php:528
Stack trace:
#0 /Users/sondh/Working/KLTN/Phase2-Front-end/framework/db/CDbCommand.php(408): CDbCommand->queryInternal('fetch', Array, Array)
#1 /Users/sondh/Working/KLTN/Phase2-Front-end/framework/db/ar/CActiveRecord.php(1494): CDbCommand->queryRow()
#2 /Users/sondh/Working/KLTN/Phase2-Front-end/protected/controllers/HomeController.php(24): CActiveRecord->findBySql('SELECT * FROM {...')
#3 /Users/sondh/Working/KLTN/Phase2-Front-end/protected/controllers/HomeController.php(7): HomeController->_checkForUpdate()
#4 /Users/sondh/Working/KLTN/Phase2-Front-end/framework/web/actions/CInlineAction.php(50): HomeController->actionIndex()
#5 /Users/sondh/Working/KLTN/Phase2-Front-end/framework/web/CController.php(309): CInlineAction->runWithParams(Array)
#6 /Users/sondh/Working/KLTN/Phase2-Front-end/framework/web/CController.php(287): CController->runAction(Object(CInlineAction))
#7 /Users/sondh/Working/KLTN/Phase2-Front-end/framework/web/CController.php(266): CController->runActionWithFilters(Object(CInlineAction), Array)
#8 /Users/sondh/Working/KLTN/Phase2-Front-end/framework/web/CWebApplication.php(276): CController->run('index')
#9 /Users/sondh/Working/KLTN/Phase2-Front-end/framework/web/CWebApplication.php(135): CWebApplication->runController('home/index')
#10 /Users/sondh/Working/KLTN/Phase2-Front-end/framework/base/CApplication.php(162): CWebApplication->processRequest()
#11 /Users/sondh/Working/KLTN/Phase2-Front-end/index.php(13): CApplication->run()
#12 {main}
REQUEST_URI=/index.php
---
